<?xml version="1.0" encoding="UTF-8"?>
<testng-results skipped="0" failed="0" ignored="0" total="1" passed="1">
  <reporter-output>
  </reporter-output>
  <suite name="Default suite" duration-ms="8143" started-at="2019-08-04T16:41:46Z" finished-at="2019-08-04T16:41:55Z">
    <groups>
    </groups>
    <test name="Default test" duration-ms="8143" started-at="2019-08-04T16:41:46Z" finished-at="2019-08-04T16:41:55Z">
      <class name="extentReport.testcases.GoogleApp">
        <test-method status="PASS" signature="setUp()[pri:0, instance:extentReport.testcases.GoogleApp@271053e1]" name="setUp" is-config="true" duration-ms="6570" started-at="2019-08-04T16:41:46Z" finished-at="2019-08-04T16:41:53Z">
          <reporter-output>
          </reporter-output>
        </test-method> <!-- setUp -->
        <test-method status="PASS" signature="enterText()[pri:0, instance:extentReport.testcases.GoogleApp@271053e1]" name="enterText" duration-ms="528" started-at="2019-08-04T16:41:53Z" finished-at="2019-08-04T16:41:54Z">
          <reporter-output>
          </reporter-output>
        </test-method> <!-- enterText -->
        <test-method status="PASS" signature="afterMethods()[pri:0, instance:extentReport.testcases.GoogleApp@271053e1]" name="afterMethods" is-config="true" duration-ms="1027" started-at="2019-08-04T16:41:54Z" finished-at="2019-08-04T16:41:55Z">
          <reporter-output>
          </reporter-output>
        </test-method> <!-- afterMethods -->
      </class> <!-- extentReport.testcases.GoogleApp -->
    </test> <!-- Default test -->
  </suite> <!-- Default suite -->
</testng-results>
